<?xml version="1.0" encoding="UTF-8"?>
<testng-results ignored="0" total="1" passed="1" failed="0" skipped="0">
  <reporter-output>
  </reporter-output>
  <suite started-at="2022-05-20T17:52:41 IST" name="Default suite" finished-at="2022-05-20T17:53:48 IST" duration-ms="66775">
    <groups>
      <group name="cucumber">
        <method signature="AbstractTestNGCucumberTests.runScenario(io.cucumber.testng.PickleWrapper,io.cucumber.testng.FeatureWrapper)[pri:0, instance:runner.Execution@750e2b97]" name="runScenario" class="io.cucumber.testng.AbstractTestNGCucumberTests"/>
      </group> <!-- cucumber -->
    </groups>
    <test started-at="2022-05-20T17:52:41 IST" name="Default test" finished-at="2022-05-20T17:53:48 IST" duration-ms="66775">
      <class name="runner.Execution">
        <test-method is-config="true" signature="setUpClass(org.testng.ITestContext)[pri:0, instance:runner.Execution@750e2b97]" started-at="2022-05-20T17:52:41 IST" name="setUpClass" finished-at="2022-05-20T17:52:42 IST" duration-ms="436" status="PASS">
          <params>
            <param index="0">
              <value>
                <![CDATA[org.testng.TestRunner@32bb0072]]>
              </value>
            </param>
          </params>
          <reporter-output>
          </reporter-output>
        </test-method> <!-- setUpClass -->
        <test-method signature="runScenario(io.cucumber.testng.PickleWrapper,io.cucumber.testng.FeatureWrapper)[pri:0, instance:runner.Execution@750e2b97]" started-at="2022-05-20T17:52:42 IST" name="runScenario" description="Runs Cucumber Scenarios" data-provider="scenarios" finished-at="2022-05-20T17:53:48 IST" duration-ms="66244" status="PASS">
          <params>
            <param index="0">
              <value>
                <![CDATA["Check the salesforce test cases"]]>
              </value>
            </param>
            <param index="1">
              <value>
                <![CDATA["Optional[Funtionality of salesforce]"]]>
              </value>
            </param>
          </params>
          <reporter-output>
          </reporter-output>
        </test-method> <!-- runScenario -->
        <test-method is-config="true" signature="tearDownClass()[pri:0, instance:runner.Execution@750e2b97]" started-at="2022-05-20T17:53:48 IST" name="tearDownClass" finished-at="2022-05-20T17:53:48 IST" duration-ms="21" status="PASS">
          <reporter-output>
          </reporter-output>
        </test-method> <!-- tearDownClass -->
      </class> <!-- runner.Execution -->
    </test> <!-- Default test -->
  </suite> <!-- Default suite -->
</testng-results>
